#
# A fatal error has been detected by the Java Runtime Environment:
#
#  EXCEPTION_ACCESS_VIOLATION (0xc0000005) at pc=0x00007ff9f5da6e76, pid=14552, tid=5640
#
# JRE version: OpenJDK Runtime Environment Temurin-17.0.4+8 (17.0.4+8) (build 17.0.4+8)
# Java VM: OpenJDK 64-Bit Server VM Temurin-17.0.4+8 (17.0.4+8, mixed mode, emulated-client, tiered, compressed oops, compressed class ptrs, g1 gc, windows-amd64)
# Problematic frame:
# V  [jvm.dll+0x386e76]
#
# No core dump will be written. Minidumps are not enabled by default on client versions of Windows
#
# If you would like to submit a bug report, please visit:
#   https://github.com/adoptium/adoptium-support/issues
#

---------------  S U M M A R Y ------------

Command Line: -Dcom.sun.management.jmxremote -Dcom.sun.management.jmxremote.port=57832 -Dcom.sun.management.jmxremote.authenticate=false -Dcom.sun.management.jmxremote.ssl=false -Djava.rmi.server.hostname=localhost -Dspring.jmx.enabled=true -Dspring.application.admin.enabled=true -XX:TieredStopAtLevel=1 -Dspring.boot.project.name=yota-api -Dfile.encoding=UTF-8 -XX:+ShowCodeDetailsInExceptionMessages com.yash.yotaapi.YotaApiApplication --spring.output.ansi.enabled=always

Host: Intel(R) Core(TM) i5-7300HQ CPU @ 2.50GHz, 4 cores, 7G,  Windows 10 , 64 bit Build 19041 (10.0.19041.1889)
Time: Wed Apr 26 17:25:01 2023 India Standard Time elapsed time: 9594.391151 seconds (0d 2h 39m 54s)

---------------  T H R E A D  ---------------

Current thread (0x0000024aeb1e3870):  JavaThread "HikariPool-3 connection adder" daemon [_thread_in_vm, id=5640, stack(0x0000008381700000,0x0000008381800000)]

Stack: [0x0000008381700000,0x0000008381800000],  sp=0x00000083817fa9f0,  free space=1002k
Native frames: (J=compiled Java code, j=interpreted, Vv=VM code, C=native code)
V  [jvm.dll+0x386e76]
V  [jvm.dll+0x677262]
V  [jvm.dll+0x387acb]
V  [jvm.dll+0x387c98]
V  [jvm.dll+0x7ac73a]
V  [jvm.dll+0x7ad962]
V  [jvm.dll+0x7adc98]
V  [jvm.dll+0x81c53e]
V  [jvm.dll+0x81bf5a]
V  [jvm.dll+0x8275d8]
V  [jvm.dll+0x82623d]
V  [jvm.dll+0x81fa5c]
V  [jvm.dll+0x3702ec]
V  [jvm.dll+0x36f4f2]
V  [jvm.dll+0x36f498]
V  [jvm.dll+0x55df15]
V  [jvm.dll+0x55ce34]
V  [jvm.dll+0x3832e7]
